# JRE version: Java(TM) SE Runtime Environment (8.0_202-b08) (build 1.8.0_202-b08)
# Java VM: Java HotSpot(TM) 64-Bit Server VM (25.202-b08 mixed mode windows-amd64 compressed oops)
Heap:
 PSYoungGen      total 413696K, used 354375K [0x000000076c180000, 0x0000000786700000, 0x00000007c0000000)
  eden space 401920K, 88% used [0x000000076c180000,0x0000000781b91fe8,0x0000000784a00000)
  from space 11776K, 0% used [0x0000000785b80000,0x0000000785b80000,0x0000000786700000)
  to   space 14848K, 0% used [0x0000000784a00000,0x0000000784a00000,0x0000000785880000)
 ParOldGen       total 225792K, used 19492K [0x00000006c4400000, 0x00000006d2080000, 0x000000076c180000)
  object space 225792K, 8% used [0x00000006c4400000,0x00000006c5709018,0x00000006d2080000)
 Metaspace       used 58387K, capacity 60579K, committed 60928K, reserved 1103872K
  class space    used 6677K, capacity 7042K, committed 7168K, reserved 1048576K
GC Heap History (10 events):
Event: 4.076 GC heap before
{Heap before GC invocations=11 (full 2):
 PSYoungGen      total 286720K, used 276992K [0x000000076c180000, 0x0000000784200000, 0x00000007c0000000)
  eden space 276992K, 100% used [0x000000076c180000,0x000000077d000000,0x000000077d000000)
  from space 9728K, 0% used [0x000000077da80000,0x000000077da80000,0x000000077e400000)
  to   space 10752K, 0% used [0x000000077d000000,0x000000077d000000,0x000000077da80000)
 ParOldGen       total 160768K, used 14353K [0x00000006c4400000, 0x00000006ce100000, 0x000000076c180000)
  object space 160768K, 8% used [0x00000006c4400000,0x00000006c5204758,0x00000006ce100000)
 Metaspace       used 45818K, capacity 47852K, committed 48128K, reserved 1091584K
  class space    used 5495K, capacity 5834K, committed 5888K, reserved 1048576K
Event: 4.085 GC heap after
Heap after GC invocations=11 (full 2):
 PSYoungGen      total 287744K, used 10750K [0x000000076c180000, 0x0000000783200000, 0x00000007c0000000)
  eden space 276992K, 0% used [0x000000076c180000,0x000000076c180000,0x000000077d000000)
  from space 10752K, 99% used [0x000000077d000000,0x000000077da7f8d8,0x000000077da80000)
  to   space 13312K, 0% used [0x0000000782500000,0x0000000782500000,0x0000000783200000)
 ParOldGen       total 160768K, used 17925K [0x00000006c4400000, 0x00000006ce100000, 0x000000076c180000)
  object space 160768K, 11% used [0x00000006c4400000,0x00000006c55817a0,0x00000006ce100000)
 Metaspace       used 45818K, capacity 47852K, committed 48128K, reserved 1091584K
  class space    used 5495K, capacity 5834K, committed 5888K, reserved 1048576K
}
Event: 11.969 GC heap before
{Heap before GC invocations=12 (full 2):
 PSYoungGen      total 287744K, used 287742K [0x000000076c180000, 0x0000000783200000, 0x00000007c0000000)
  eden space 276992K, 100% used [0x000000076c180000,0x000000077d000000,0x000000077d000000)
  from space 10752K, 99% used [0x000000077d000000,0x000000077da7f8d8,0x000000077da80000)
  to   space 13312K, 0% used [0x0000000782500000,0x0000000782500000,0x0000000783200000)
 ParOldGen       total 160768K, used 17925K [0x00000006c4400000, 0x00000006ce100000, 0x000000076c180000)
  object space 160768K, 11% used [0x00000006c4400000,0x00000006c55817a0,0x00000006ce100000)
 Metaspace       used 55907K, capacity 58108K, committed 58240K, reserved 1099776K
  class space    used 6574K, capacity 6954K, committed 7040K, reserved 1048576K
Event: 11.979 GC heap after
Heap after GC invocations=12 (full 2):
 PSYoungGen      total 353792K, used 13280K [0x000000076c180000, 0x0000000783200000, 0x00000007c0000000)
  eden space 340480K, 0% used [0x000000076c180000,0x000000076c180000,0x0000000780e00000)
  from space 13312K, 99% used [0x0000000782500000,0x00000007831f8338,0x0000000783200000)
  to   space 15360K, 0% used [0x0000000781400000,0x0000000781400000,0x0000000782300000)
 ParOldGen       total 160768K, used 19475K [0x00000006c4400000, 0x00000006ce100000, 0x000000076c180000)
  object space 160768K, 12% used [0x00000006c4400000,0x00000006c5704d30,0x00000006ce100000)
 Metaspace       used 55907K, capacity 58108K, committed 58240K, reserved 1099776K
  class space    used 6574K, capacity 6954K, committed 7040K, reserved 1048576K
}
Event: 52.337 GC heap before
{Heap before GC invocations=13 (full 2):
 PSYoungGen      total 353792K, used 353760K [0x000000076c180000, 0x0000000783200000, 0x00000007c0000000)
  eden space 340480K, 100% used [0x000000076c180000,0x0000000780e00000,0x0000000780e00000)
  from space 13312K, 99% used [0x0000000782500000,0x00000007831f8338,0x0000000783200000)
  to   space 15360K, 0% used [0x0000000781400000,0x0000000781400000,0x0000000782300000)
 ParOldGen       total 160768K, used 19475K [0x00000006c4400000, 0x00000006ce100000, 0x000000076c180000)
  object space 160768K, 12% used [0x00000006c4400000,0x00000006c5704d30,0x00000006ce100000)
 Metaspace       used 56579K, capacity 58820K, committed 59008K, reserved 1101824K
  class space    used 6580K, capacity 6954K, committed 7040K, reserved 1048576K
Event: 52.343 GC heap after
Heap after GC invocations=13 (full 2):
 PSYoungGen      total 361984K, used 7392K [0x000000076c180000, 0x0000000786a00000, 0x00000007c0000000)
  eden space 346624K, 0% used [0x000000076c180000,0x000000076c180000,0x0000000781400000)
  from space 15360K, 48% used [0x0000000781400000,0x0000000781b38110,0x0000000782300000)
  to   space 14848K, 0% used [0x0000000785b80000,0x0000000785b80000,0x0000000786a00000)
 ParOldGen       total 160768K, used 23083K [0x00000006c4400000, 0x00000006ce100000, 0x000000076c180000)
  object space 160768K, 14% used [0x00000006c4400000,0x00000006c5a8adf0,0x00000006ce100000)
 Metaspace       used 56579K, capacity 58820K, committed 59008K, reserved 1101824K
  class space    used 6580K, capacity 6954K, committed 7040K, reserved 1048576K
}
Event: 56.859 GC heap before
{Heap before GC invocations=14 (full 2):
 PSYoungGen      total 361984K, used 119392K [0x000000076c180000, 0x0000000786a00000, 0x00000007c0000000)
  eden space 346624K, 32% used [0x000000076c180000,0x0000000772ee0250,0x0000000781400000)
  from space 15360K, 48% used [0x0000000781400000,0x0000000781b38110,0x0000000782300000)
  to   space 14848K, 0% used [0x0000000785b80000,0x0000000785b80000,0x0000000786a00000)
 ParOldGen       total 160768K, used 23083K [0x00000006c4400000, 0x00000006ce100000, 0x000000076c180000)
  object space 160768K, 14% used [0x00000006c4400000,0x00000006c5a8adf0,0x00000006ce100000)
 Metaspace       used 56716K, capacity 58948K, committed 59096K, reserved 1101824K
  class space    used 6580K, capacity 6954K, committed 7040K, reserved 1048576K
Event: 56.864 GC heap after
Heap after GC invocations=14 (full 2):
 PSYoungGen      total 413696K, used 6528K [0x000000076c180000, 0x0000000786700000, 0x00000007c0000000)
  eden space 401920K, 0% used [0x000000076c180000,0x000000076c180000,0x0000000784a00000)
  from space 11776K, 55% used [0x0000000785b80000,0x00000007861e01a0,0x0000000786700000)
  to   space 14848K, 0% used [0x0000000784a00000,0x0000000784a00000,0x0000000785880000)
 ParOldGen       total 160768K, used 23091K [0x00000006c4400000, 0x00000006ce100000, 0x000000076c180000)
  object space 160768K, 14% used [0x00000006c4400000,0x00000006c5a8cdf0,0x00000006ce100000)
 Metaspace       used 56716K, capacity 58948K, committed 59096K, reserved 1101824K
  class space    used 6580K, capacity 6954K, committed 7040K, reserved 1048576K
}
Event: 56.864 GC heap before
{Heap before GC invocations=15 (full 3):
 PSYoungGen      total 413696K, used 6528K [0x000000076c180000, 0x0000000786700000, 0x00000007c0000000)
  eden space 401920K, 0% used [0x000000076c180000,0x000000076c180000,0x0000000784a00000)
  from space 11776K, 55% used [0x0000000785b80000,0x00000007861e01a0,0x0000000786700000)
  to   space 14848K, 0% used [0x0000000784a00000,0x0000000784a00000,0x0000000785880000)
 ParOldGen       total 160768K, used 23091K [0x00000006c4400000, 0x00000006ce100000, 0x000000076c180000)
  object space 160768K, 14% used [0x00000006c4400000,0x00000006c5a8cdf0,0x00000006ce100000)
 Metaspace       used 56716K, capacity 58948K, committed 59096K, reserved 1101824K
  class space    used 6580K, capacity 6954K, committed 7040K, reserved 1048576K
Event: 56.984 GC heap after
Heap after GC invocations=15 (full 3):
 PSYoungGen      total 413696K, used 0K [0x000000076c180000, 0x0000000786700000, 0x00000007c0000000)
  eden space 401920K, 0% used [0x000000076c180000,0x000000076c180000,0x0000000784a00000)
  from space 11776K, 0% used [0x0000000785b80000,0x0000000785b80000,0x0000000786700000)
  to   space 14848K, 0% used [0x0000000784a00000,0x0000000784a00000,0x0000000785880000)
 ParOldGen       total 225792K, used 19492K [0x00000006c4400000, 0x00000006d2080000, 0x000000076c180000)
  object space 225792K, 8% used [0x00000006c4400000,0x00000006c5709018,0x00000006d2080000)
 Metaspace       used 56668K, capacity 58822K, committed 59096K, reserved 1101824K
  class space    used 6568K, capacity 6933K, committed 7040K, reserved 1048576K
}

